<?xml version="1.0" encoding="UTF-8"?>
<!-- Generated by org.testng.reporters.JUnitXMLReporter -->
<testsuite hostname="Vinod" failures="0" tests="4" name="Nopackage" time="158.848" errors="0" timestamp="14 Dec 2022 12:55:15 GMT">
  <testcase classname="com.hrms.testscripts.TC_001" name="m" time="7.785"/>
  <testcase classname="com.hrms.testscripts.TC_002" name="m1" time="112.174"/>
  <testcase classname="com.hrms.testscripts.TC_003" name="tc_003" time="24.843"/>
  <testcase classname="com.hrms.testscripts.TC_004" name="tc_004" time="14.043"/>
</testsuite> <!-- Nopackage -->
